[debug] [2026-04-02T04:29:41.135Z] ----------------------------------------------------------------------
[debug] [2026-04-02T04:29:41.138Z] Command:       C:\Program Files\nodejs\node.exe C:\Users\hp\AppData\Roaming\npm\node_modules\firebase-tools\lib\bin\firebase.js init
[debug] [2026-04-02T04:29:41.138Z] CLI Version:   15.12.0
[debug] [2026-04-02T04:29:41.138Z] Platform:      win32
[debug] [2026-04-02T04:29:41.138Z] Node Version:  v24.5.0
[debug] [2026-04-02T04:29:41.139Z] Time:          Thu Apr 02 2026 11:29:41 GMT+0700 (เวลาอินโดจีน)
[debug] [2026-04-02T04:29:41.139Z] ----------------------------------------------------------------------
[debug] 
[debug] [2026-04-02T04:29:41.141Z] >>> [apiv2][query] GET https://firebase-public.firebaseio.com/cli.json [none]
[info] 
     ######## #### ########  ######## ########     ###     ######  ########
     ##        ##  ##     ## ##       ##     ##  ##   ##  ##       ##
     ######    ##  ########  ######   ########  #########  ######  ######
     ##        ##  ##    ##  ##       ##     ## ##     ##       ## ##
     ##       #### ##     ## ######## ########  ##     ##  ######  ########

You're about to initialize a Firebase project in this directory:

  C:\Users\hp\Smart-Expense-Tracker\expense-tracker

[debug] [2026-04-02T04:29:49.483Z] <<< [apiv2][status] GET https://firebase-public.firebaseio.com/cli.json 200
[debug] [2026-04-02T04:29:49.484Z] <<< [apiv2][body] GET https://firebase-public.firebaseio.com/cli.json {"cloudBuildErrorAfter":1594252800000,"cloudBuildWarnAfter":1590019200000,"defaultNode10After":1594252800000,"minVersion":"3.0.5","node8DeploysDisabledAfter":1613390400000,"node8RuntimeDisabledAfter":1615809600000,"node8WarnAfter":1600128000000}
[info] 
=== Account Setup
[info] 
[info] Which account do you want to use for this project? Choose an account or add a new one now
[info] 
[debug] [2026-04-02T04:30:23.106Z] setProjectAccount(C:\Users\hp\Smart-Expense-Tracker\expense-tracker, kittigan1486@gmail.com)
[info] 
[info] +  Using account: kittigan1486@gmail.com 
[info] 
=== Project Setup
[info] 
[info] First, let's associate this project directory with a Firebase project.
[info] You can create multiple project aliases by running firebase use --add, 
[info] 
[debug] [2026-04-02T04:30:26.650Z] > command requires scopes: ["email","openid","https://www.googleapis.com/auth/cloudplatformprojects.readonly","https://www.googleapis.com/auth/firebase","https://www.googleapis.com/auth/cloud-platform"]
[debug] [2026-04-02T04:30:26.650Z] > authorizing via signed-in user (kittigan1486@gmail.com)
[debug] [2026-04-02T04:30:26.651Z] Checked if tokens are valid: false, expires at: 1734284811622
[debug] [2026-04-02T04:30:26.651Z] Checked if tokens are valid: false, expires at: 1734284811622
[debug] [2026-04-02T04:30:26.651Z] > refreshing access token with scopes: []
[debug] [2026-04-02T04:30:26.652Z] >>> [apiv2][query] POST https://www.googleapis.com/oauth2/v3/token [none]
[debug] [2026-04-02T04:30:26.653Z] >>> [apiv2][body] POST https://www.googleapis.com/oauth2/v3/token [omitted]
[debug] [2026-04-02T04:30:26.755Z] <<< [apiv2][status] POST https://www.googleapis.com/oauth2/v3/token 400
[debug] [2026-04-02T04:30:26.755Z] <<< [apiv2][body] POST https://www.googleapis.com/oauth2/v3/token [omitted]
[debug] [2026-04-02T04:30:26.755Z] >>> [apiv2][query] GET https://firebase.googleapis.com/v1beta1/projects pageSize=100
[debug] [2026-04-02T04:30:26.997Z] <<< [apiv2][status] GET https://firebase.googleapis.com/v1beta1/projects 401
[debug] [2026-04-02T04:30:26.997Z] <<< [apiv2][body] GET https://firebase.googleapis.com/v1beta1/projects [omitted]
[debug] [2026-04-02T04:30:26.997Z] Got a 401 Unauthenticated error for a call that required authentication. Refreshing tokens.
[debug] [2026-04-02T04:30:26.997Z] Checked if tokens are valid: false, expires at: 1734284811622
[debug] [2026-04-02T04:30:26.997Z] Checked if tokens are valid: false, expires at: 1734284811622
[debug] [2026-04-02T04:30:26.997Z] > refreshing access token with scopes: []
[debug] [2026-04-02T04:30:26.997Z] >>> [apiv2][query] POST https://www.googleapis.com/oauth2/v3/token [none]
[debug] [2026-04-02T04:30:26.997Z] >>> [apiv2][body] POST https://www.googleapis.com/oauth2/v3/token [omitted]
[debug] [2026-04-02T04:30:27.059Z] <<< [apiv2][status] POST https://www.googleapis.com/oauth2/v3/token 400
[debug] [2026-04-02T04:30:27.059Z] <<< [apiv2][body] POST https://www.googleapis.com/oauth2/v3/token [omitted]
[debug] [2026-04-02T04:30:27.060Z] Request to https://firebase.googleapis.com/v1beta1/projects?pageSize=100 had HTTP Error: 401, Request had invalid authentication credentials. Expected OAuth 2 access token, login cookie or other valid authentication credential. See https://developers.google.com/identity/sign-in/web/devconsole-project.
[debug] [2026-04-02T04:30:27.128Z] FirebaseError: Request to https://firebase.googleapis.com/v1beta1/projects?pageSize=100 had HTTP Error: 401, Request had invalid authentication credentials. Expected OAuth 2 access token, login cookie or other valid authentication credential. See https://developers.google.com/identity/sign-in/web/devconsole-project.
    at responseToError (C:\Users\hp\AppData\Roaming\npm\node_modules\firebase-tools\lib\responseToError.js:53:12)
    at RetryOperation._fn (C:\Users\hp\AppData\Roaming\npm\node_modules\firebase-tools\lib\apiv2.js:333:77)
    at process.processTicksAndRejections (node:internal/process/task_queues:105:5)
[error] 
[error] Error: Failed to list Firebase projects. See firebase-debug.log for more info.
[debug] [2026-04-02T04:30:34.561Z] ----------------------------------------------------------------------
[debug] [2026-04-02T04:30:34.565Z] Command:       C:\Program Files\nodejs\node.exe C:\Users\hp\AppData\Roaming\npm\node_modules\firebase-tools\lib\bin\firebase.js init
[debug] [2026-04-02T04:30:34.565Z] CLI Version:   15.12.0
[debug] [2026-04-02T04:30:34.565Z] Platform:      win32
[debug] [2026-04-02T04:30:34.565Z] Node Version:  v24.5.0
[debug] [2026-04-02T04:30:34.565Z] Time:          Thu Apr 02 2026 11:30:34 GMT+0700 (เวลาอินโดจีน)
[debug] [2026-04-02T04:30:34.565Z] ----------------------------------------------------------------------
[debug] 
[info] 
     ######## #### ########  ######## ########     ###     ######  ########
     ##        ##  ##     ## ##       ##     ##  ##   ##  ##       ##
     ######    ##  ########  ######   ########  #########  ######  ######
     ##        ##  ##    ##  ##       ##     ## ##     ##       ## ##
     ##       #### ##     ## ######## ########  ##     ##  ######  ########

You're about to initialize a Firebase project in this directory:

  C:\Users\hp\Smart-Expense-Tracker\expense-tracker

[debug] [2026-04-02T04:31:23.193Z] ExitPromptError: User force closed the prompt with SIGINT
    at Interface.sigint (C:\Users\hp\AppData\Roaming\npm\node_modules\firebase-tools\node_modules\@inquirer\core\dist\commonjs\lib\create-prompt.js:101:37)
    at Interface.emit (node:events:507:28)
    at [_ttyWrite] [as _ttyWrite] (node:internal/readline/interface:1315:18)
    at ReadStream.onkeypress (node:internal/readline/interface:284:20)
    at ReadStream.emit (node:events:519:35)
    at emitKeys (node:internal/readline/utils:371:14)
    at emitKeys.next (<anonymous>)
    at ReadStream.onData (node:internal/readline/emitKeypressEvents:64:36)
    at ReadStream.emit (node:events:507:28)
    at addChunk (node:internal/streams/readable:559:12)
[error] 
[error] Error: An unexpected error has occurred.
